2020-04-20 17:56:33.194 [DubboServerHandler-192.168.8.128:21881-thread-50] ERROR debugLogger -debugLogger: test-error
2020-04-20 17:56:33.197 [DubboServerHandler-192.168.8.128:21881-thread-50] ERROR systemLogger -systemLogger:  test-error
2020-04-20 17:56:33.197 [DubboServerHandler-192.168.8.128:21881-thread-50] ERROR exceptionLogger -exceptionLogger: test-error
2020-04-20 17:56:33.644 [DubboServerHandler-192.168.8.128:21881-thread-50] ERROR exceptionLogger -getPrivateKeyFromJKS<<<<<<Failure
cfca.sadk.algorithm.common.PKIException: 错误码：851001  错误信息：load JKS failure(E:\ideaworkspace\supply-chain-finance\fkh-scf\fkh-mservice-scf\fkh-scf-service\target\classes\D:\document\工作计划安排\20200205-金融监管平台\安心签\anxinsign\test\anxinsign.jks (文件名、目录名或卷标语法不正确。))
	at cfca.sadk.entity.JKSEntity.initJKSKeyStore(JKSEntity.java:70)
	at cfca.sadk.entity.JKSEntity.<init>(JKSEntity.java:30)
	at cfca.sadk.util.KeyUtil.getPrivateKeyFromJKS(KeyUtil.java:431)
	at com.fkhwl.scf.third.utils.SecurityUtil.p7SignMessageDetach(SecurityUtil.java:84)
	at com.fkhwl.scf.third.service.impl.AnxinSignServiceImpl.addCompanyAccount(AnxinSignServiceImpl.java:139)
	at com.fkhwl.scf.service.impl.CompanyServiceImpl.saveOrUpdate(CompanyServiceImpl.java:107)
	at com.fkhwl.scf.service.impl.CompanyServiceImpl$$FastClassBySpringCGLIB$$4251a592.invoke(<generated>)
	at org.springframework.cglib.proxy.MethodProxy.invoke(MethodProxy.java:218)
	at org.springframework.aop.framework.CglibAopProxy$CglibMethodInvocation.invokeJoinpoint(CglibAopProxy.java:769)
	at org.springframework.aop.framework.ReflectiveMethodInvocation.proceed(ReflectiveMethodInvocation.java:163)
	at org.springframework.aop.framework.CglibAopProxy$CglibMethodInvocation.proceed(CglibAopProxy.java:747)
	at org.springframework.transaction.interceptor.TransactionAspectSupport.invokeWithinTransaction(TransactionAspectSupport.java:366)
	at org.springframework.transaction.interceptor.TransactionInterceptor.invoke(TransactionInterceptor.java:99)
	at org.springframework.aop.framework.ReflectiveMethodInvocation.proceed(ReflectiveMethodInvocation.java:186)
	at org.springframework.aop.framework.CglibAopProxy$CglibMethodInvocation.proceed(CglibAopProxy.java:747)
	at org.springframework.aop.framework.CglibAopProxy$DynamicAdvisedInterceptor.intercept(CglibAopProxy.java:689)
	at com.fkhwl.scf.service.impl.CompanyServiceImpl$$EnhancerBySpringCGLIB$$ca9037fa.saveOrUpdate(<generated>)
	at com.fkhwl.scf.provider.CompanyProviderImpl.saveOrUpdate(CompanyProviderImpl.java:47)
	at org.apache.dubbo.common.bytecode.Wrapper11.invokeMethod(Wrapper11.java)
	at org.apache.dubbo.rpc.proxy.javassist.JavassistProxyFactory$1.doInvoke(JavassistProxyFactory.java:47)
	at org.apache.dubbo.rpc.proxy.AbstractProxyInvoker.invoke(AbstractProxyInvoker.java:84)
	at org.apache.dubbo.config.invoker.DelegateProviderMetaDataInvoker.invoke(DelegateProviderMetaDataInvoker.java:56)
	at org.apache.dubbo.rpc.protocol.InvokerWrapper.invoke(InvokerWrapper.java:56)
	at org.apache.dubbo.rpc.filter.ExceptionFilter.invoke(ExceptionFilter.java:55)
	at org.apache.dubbo.rpc.protocol.ProtocolFilterWrapper$1.invoke(ProtocolFilterWrapper.java:82)
	at org.apache.dubbo.monitor.support.MonitorFilter.invoke(MonitorFilter.java:92)
	at org.apache.dubbo.rpc.protocol.ProtocolFilterWrapper$1.invoke(ProtocolFilterWrapper.java:82)
	at org.apache.dubbo.rpc.filter.TimeoutFilter.invoke(TimeoutFilter.java:48)
	at org.apache.dubbo.rpc.protocol.ProtocolFilterWrapper$1.invoke(ProtocolFilterWrapper.java:82)
	at org.apache.dubbo.rpc.protocol.dubbo.filter.TraceFilter.invoke(TraceFilter.java:81)
	at org.apache.dubbo.rpc.protocol.ProtocolFilterWrapper$1.invoke(ProtocolFilterWrapper.java:82)
	at org.apache.dubbo.rpc.filter.ContextFilter.invoke(ContextFilter.java:105)
	at org.apache.dubbo.rpc.protocol.ProtocolFilterWrapper$1.invoke(ProtocolFilterWrapper.java:82)
	at org.apache.dubbo.rpc.filter.GenericFilter.invoke(GenericFilter.java:149)
	at org.apache.dubbo.rpc.protocol.ProtocolFilterWrapper$1.invoke(ProtocolFilterWrapper.java:82)
	at org.apache.dubbo.rpc.filter.ClassLoaderFilter.invoke(ClassLoaderFilter.java:38)
	at org.apache.dubbo.rpc.protocol.ProtocolFilterWrapper$1.invoke(ProtocolFilterWrapper.java:82)
	at org.apache.dubbo.rpc.filter.EchoFilter.invoke(EchoFilter.java:41)
	at org.apache.dubbo.rpc.protocol.ProtocolFilterWrapper$1.invoke(ProtocolFilterWrapper.java:82)
	at org.apache.dubbo.rpc.protocol.ProtocolFilterWrapper$CallbackRegistrationInvoker.invoke(ProtocolFilterWrapper.java:157)
	at org.apache.dubbo.rpc.protocol.dubbo.DubboProtocol$1.reply(DubboProtocol.java:152)
	at org.apache.dubbo.remoting.exchange.support.header.HeaderExchangeHandler.handleRequest(HeaderExchangeHandler.java:102)
	at org.apache.dubbo.remoting.exchange.support.header.HeaderExchangeHandler.received(HeaderExchangeHandler.java:193)
	at org.apache.dubbo.remoting.transport.DecodeHandler.received(DecodeHandler.java:51)
	at org.apache.dubbo.remoting.transport.dispatcher.ChannelEventRunnable.run(ChannelEventRunnable.java:57)
	at java.util.concurrent.ThreadPoolExecutor.runWorker(ThreadPoolExecutor.java:1142)
	at java.util.concurrent.ThreadPoolExecutor$Worker.run(ThreadPoolExecutor.java:617)
	at java.lang.Thread.run(Thread.java:748)
Caused by: java.io.FileNotFoundException: E:\ideaworkspace\supply-chain-finance\fkh-scf\fkh-mservice-scf\fkh-scf-service\target\classes\D:\document\工作计划安排\20200205-金融监管平台\安心签\anxinsign\test\anxinsign.jks (文件名、目录名或卷标语法不正确。)
	at java.io.FileInputStream.open0(Native Method)
	at java.io.FileInputStream.open(FileInputStream.java:195)
	at java.io.FileInputStream.<init>(FileInputStream.java:138)
	at java.io.FileInputStream.<init>(FileInputStream.java:93)
	at cfca.sadk.entity.JKSEntity.initJKSKeyStore(JKSEntity.java:64)
	... 47 common frames omitted
2020-04-20 17:56:49.837 [DubboServerHandler-192.168.8.128:21881-thread-51] ERROR exceptionLogger -getPrivateKeyFromJKS<<<<<<Failure
cfca.sadk.algorithm.common.PKIException: 错误码：851001  错误信息：load JKS failure(E:\ideaworkspace\supply-chain-finance\fkh-scf\fkh-mservice-scf\fkh-scf-service\target\classes\D:\document\工作计划安排\20200205-金融监管平台\安心签\anxinsign\test\anxinsign.jks (文件名、目录名或卷标语法不正确。))
	at cfca.sadk.entity.JKSEntity.initJKSKeyStore(JKSEntity.java:70)
	at cfca.sadk.entity.JKSEntity.<init>(JKSEntity.java:30)
	at cfca.sadk.util.KeyUtil.getPrivateKeyFromJKS(KeyUtil.java:431)
	at com.fkhwl.scf.third.utils.SecurityUtil.p7SignMessageDetach(SecurityUtil.java:84)
	at com.fkhwl.scf.third.service.impl.AnxinSignServiceImpl.addCompanyAccount(AnxinSignServiceImpl.java:139)
	at com.fkhwl.scf.service.impl.CompanyServiceImpl.saveOrUpdate(CompanyServiceImpl.java:107)
	at com.fkhwl.scf.service.impl.CompanyServiceImpl$$FastClassBySpringCGLIB$$4251a592.invoke(<generated>)
	at org.springframework.cglib.proxy.MethodProxy.invoke(MethodProxy.java:218)
	at org.springframework.aop.framework.CglibAopProxy$CglibMethodInvocation.invokeJoinpoint(CglibAopProxy.java:769)
	at org.springframework.aop.framework.ReflectiveMethodInvocation.proceed(ReflectiveMethodInvocation.java:163)
	at org.springframework.aop.framework.CglibAopProxy$CglibMethodInvocation.proceed(CglibAopProxy.java:747)
	at org.springframework.transaction.interceptor.TransactionAspectSupport.invokeWithinTransaction(TransactionAspectSupport.java:366)
	at org.springframework.transaction.interceptor.TransactionInterceptor.invoke(TransactionInterceptor.java:99)
	at org.springframework.aop.framework.ReflectiveMethodInvocation.proceed(ReflectiveMethodInvocation.java:186)
	at org.springframework.aop.framework.CglibAopProxy$CglibMethodInvocation.proceed(CglibAopProxy.java:747)
	at org.springframework.aop.framework.CglibAopProxy$DynamicAdvisedInterceptor.intercept(CglibAopProxy.java:689)
	at com.fkhwl.scf.service.impl.CompanyServiceImpl$$EnhancerBySpringCGLIB$$ca9037fa.saveOrUpdate(<generated>)
	at com.fkhwl.scf.provider.CompanyProviderImpl.saveOrUpdate(CompanyProviderImpl.java:47)
	at org.apache.dubbo.common.bytecode.Wrapper11.invokeMethod(Wrapper11.java)
	at org.apache.dubbo.rpc.proxy.javassist.JavassistProxyFactory$1.doInvoke(JavassistProxyFactory.java:47)
	at org.apache.dubbo.rpc.proxy.AbstractProxyInvoker.invoke(AbstractProxyInvoker.java:84)
	at org.apache.dubbo.config.invoker.DelegateProviderMetaDataInvoker.invoke(DelegateProviderMetaDataInvoker.java:56)
	at org.apache.dubbo.rpc.protocol.InvokerWrapper.invoke(InvokerWrapper.java:56)
	at org.apache.dubbo.rpc.filter.ExceptionFilter.invoke(ExceptionFilter.java:55)
	at org.apache.dubbo.rpc.protocol.ProtocolFilterWrapper$1.invoke(ProtocolFilterWrapper.java:82)
	at org.apache.dubbo.monitor.support.MonitorFilter.invoke(MonitorFilter.java:92)
	at org.apache.dubbo.rpc.protocol.ProtocolFilterWrapper$1.invoke(ProtocolFilterWrapper.java:82)
	at org.apache.dubbo.rpc.filter.TimeoutFilter.invoke(TimeoutFilter.java:48)
	at org.apache.dubbo.rpc.protocol.ProtocolFilterWrapper$1.invoke(ProtocolFilterWrapper.java:82)
	at org.apache.dubbo.rpc.protocol.dubbo.filter.TraceFilter.invoke(TraceFilter.java:81)
	at org.apache.dubbo.rpc.protocol.ProtocolFilterWrapper$1.invoke(ProtocolFilterWrapper.java:82)
	at org.apache.dubbo.rpc.filter.ContextFilter.invoke(ContextFilter.java:105)
	at org.apache.dubbo.rpc.protocol.ProtocolFilterWrapper$1.invoke(ProtocolFilterWrapper.java:82)
	at org.apache.dubbo.rpc.filter.GenericFilter.invoke(GenericFilter.java:149)
	at org.apache.dubbo.rpc.protocol.ProtocolFilterWrapper$1.invoke(ProtocolFilterWrapper.java:82)
	at org.apache.dubbo.rpc.filter.ClassLoaderFilter.invoke(ClassLoaderFilter.java:38)
	at org.apache.dubbo.rpc.protocol.ProtocolFilterWrapper$1.invoke(ProtocolFilterWrapper.java:82)
	at org.apache.dubbo.rpc.filter.EchoFilter.invoke(EchoFilter.java:41)
	at org.apache.dubbo.rpc.protocol.ProtocolFilterWrapper$1.invoke(ProtocolFilterWrapper.java:82)
	at org.apache.dubbo.rpc.protocol.ProtocolFilterWrapper$CallbackRegistrationInvoker.invoke(ProtocolFilterWrapper.java:157)
	at org.apache.dubbo.rpc.protocol.dubbo.DubboProtocol$1.reply(DubboProtocol.java:152)
	at org.apache.dubbo.remoting.exchange.support.header.HeaderExchangeHandler.handleRequest(HeaderExchangeHandler.java:102)
	at org.apache.dubbo.remoting.exchange.support.header.HeaderExchangeHandler.received(HeaderExchangeHandler.java:193)
	at org.apache.dubbo.remoting.transport.DecodeHandler.received(DecodeHandler.java:51)
	at org.apache.dubbo.remoting.transport.dispatcher.ChannelEventRunnable.run(ChannelEventRunnable.java:57)
	at java.util.concurrent.ThreadPoolExecutor.runWorker(ThreadPoolExecutor.java:1142)
	at java.util.concurrent.ThreadPoolExecutor$Worker.run(ThreadPoolExecutor.java:617)
	at java.lang.Thread.run(Thread.java:748)
Caused by: java.io.FileNotFoundException: E:\ideaworkspace\supply-chain-finance\fkh-scf\fkh-mservice-scf\fkh-scf-service\target\classes\D:\document\工作计划安排\20200205-金融监管平台\安心签\anxinsign\test\anxinsign.jks (文件名、目录名或卷标语法不正确。)
	at java.io.FileInputStream.open0(Native Method)
	at java.io.FileInputStream.open(FileInputStream.java:195)
	at java.io.FileInputStream.<init>(FileInputStream.java:138)
	at java.io.FileInputStream.<init>(FileInputStream.java:93)
	at cfca.sadk.entity.JKSEntity.initJKSKeyStore(JKSEntity.java:64)
	... 47 common frames omitted
2020-04-20 18:30:01.687 [DubboServerHandler-192.168.8.128:21881-thread-22] ERROR debugLogger -debugLogger: test-error
2020-04-20 18:30:01.690 [DubboServerHandler-192.168.8.128:21881-thread-22] ERROR systemLogger -systemLogger:  test-error
2020-04-20 18:30:01.690 [DubboServerHandler-192.168.8.128:21881-thread-22] ERROR exceptionLogger -exceptionLogger: test-error
2020-04-20 18:30:01.826 [DubboServerHandler-192.168.8.128:21881-thread-22] ERROR exceptionLogger -getPrivateKeyFromJKS<<<<<<Failure
cfca.sadk.algorithm.common.PKIException: 错误码：851001  错误信息：load JKS failure(E:\ideaworkspace\supply-chain-finance\fkh-scf\fkh-mservice-scf\fkh-scf-service\target\classes\D:\document\工作计划安排\20200205-金融监管平台\安心签\anxinsign\test\anxinsign.jks (文件名、目录名或卷标语法不正确。))
	at cfca.sadk.entity.JKSEntity.initJKSKeyStore(JKSEntity.java:70)
	at cfca.sadk.entity.JKSEntity.<init>(JKSEntity.java:30)
	at cfca.sadk.util.KeyUtil.getPrivateKeyFromJKS(KeyUtil.java:431)
	at com.fkhwl.scf.third.utils.SecurityUtil.p7SignMessageDetach(SecurityUtil.java:84)
	at com.fkhwl.scf.third.service.impl.AnxinSignServiceImpl.addCompanyAccount(AnxinSignServiceImpl.java:139)
	at com.fkhwl.scf.service.impl.CompanyServiceImpl.saveOrUpdate(CompanyServiceImpl.java:107)
	at com.fkhwl.scf.service.impl.CompanyServiceImpl$$FastClassBySpringCGLIB$$4251a592.invoke(<generated>)
	at org.springframework.cglib.proxy.MethodProxy.invoke(MethodProxy.java:218)
	at org.springframework.aop.framework.CglibAopProxy$CglibMethodInvocation.invokeJoinpoint(CglibAopProxy.java:769)
	at org.springframework.aop.framework.ReflectiveMethodInvocation.proceed(ReflectiveMethodInvocation.java:163)
	at org.springframework.aop.framework.CglibAopProxy$CglibMethodInvocation.proceed(CglibAopProxy.java:747)
	at org.springframework.transaction.interceptor.TransactionAspectSupport.invokeWithinTransaction(TransactionAspectSupport.java:366)
	at org.springframework.transaction.interceptor.TransactionInterceptor.invoke(TransactionInterceptor.java:99)
	at org.springframework.aop.framework.ReflectiveMethodInvocation.proceed(ReflectiveMethodInvocation.java:186)
	at org.springframework.aop.framework.CglibAopProxy$CglibMethodInvocation.proceed(CglibAopProxy.java:747)
	at org.springframework.aop.framework.CglibAopProxy$DynamicAdvisedInterceptor.intercept(CglibAopProxy.java:689)
	at com.fkhwl.scf.service.impl.CompanyServiceImpl$$EnhancerBySpringCGLIB$$4feaa656.saveOrUpdate(<generated>)
	at com.fkhwl.scf.provider.CompanyProviderImpl.saveOrUpdate(CompanyProviderImpl.java:47)
	at org.apache.dubbo.common.bytecode.Wrapper11.invokeMethod(Wrapper11.java)
	at org.apache.dubbo.rpc.proxy.javassist.JavassistProxyFactory$1.doInvoke(JavassistProxyFactory.java:47)
	at org.apache.dubbo.rpc.proxy.AbstractProxyInvoker.invoke(AbstractProxyInvoker.java:84)
	at org.apache.dubbo.config.invoker.DelegateProviderMetaDataInvoker.invoke(DelegateProviderMetaDataInvoker.java:56)
	at org.apache.dubbo.rpc.protocol.InvokerWrapper.invoke(InvokerWrapper.java:56)
	at org.apache.dubbo.rpc.filter.ExceptionFilter.invoke(ExceptionFilter.java:55)
	at org.apache.dubbo.rpc.protocol.ProtocolFilterWrapper$1.invoke(ProtocolFilterWrapper.java:82)
	at org.apache.dubbo.monitor.support.MonitorFilter.invoke(MonitorFilter.java:92)
	at org.apache.dubbo.rpc.protocol.ProtocolFilterWrapper$1.invoke(ProtocolFilterWrapper.java:82)
	at org.apache.dubbo.rpc.filter.TimeoutFilter.invoke(TimeoutFilter.java:48)
	at org.apache.dubbo.rpc.protocol.ProtocolFilterWrapper$1.invoke(ProtocolFilterWrapper.java:82)
	at org.apache.dubbo.rpc.protocol.dubbo.filter.TraceFilter.invoke(TraceFilter.java:81)
	at org.apache.dubbo.rpc.protocol.ProtocolFilterWrapper$1.invoke(ProtocolFilterWrapper.java:82)
	at org.apache.dubbo.rpc.filter.ContextFilter.invoke(ContextFilter.java:105)
	at org.apache.dubbo.rpc.protocol.ProtocolFilterWrapper$1.invoke(ProtocolFilterWrapper.java:82)
	at org.apache.dubbo.rpc.filter.GenericFilter.invoke(GenericFilter.java:149)
	at org.apache.dubbo.rpc.protocol.ProtocolFilterWrapper$1.invoke(ProtocolFilterWrapper.java:82)
	at org.apache.dubbo.rpc.filter.ClassLoaderFilter.invoke(ClassLoaderFilter.java:38)
	at org.apache.dubbo.rpc.protocol.ProtocolFilterWrapper$1.invoke(ProtocolFilterWrapper.java:82)
	at org.apache.dubbo.rpc.filter.EchoFilter.invoke(EchoFilter.java:41)
	at org.apache.dubbo.rpc.protocol.ProtocolFilterWrapper$1.invoke(ProtocolFilterWrapper.java:82)
	at org.apache.dubbo.rpc.protocol.ProtocolFilterWrapper$CallbackRegistrationInvoker.invoke(ProtocolFilterWrapper.java:157)
	at org.apache.dubbo.rpc.protocol.dubbo.DubboProtocol$1.reply(DubboProtocol.java:152)
	at org.apache.dubbo.remoting.exchange.support.header.HeaderExchangeHandler.handleRequest(HeaderExchangeHandler.java:102)
	at org.apache.dubbo.remoting.exchange.support.header.HeaderExchangeHandler.received(HeaderExchangeHandler.java:193)
	at org.apache.dubbo.remoting.transport.DecodeHandler.received(DecodeHandler.java:51)
	at org.apache.dubbo.remoting.transport.dispatcher.ChannelEventRunnable.run(ChannelEventRunnable.java:57)
	at java.util.concurrent.ThreadPoolExecutor.runWorker(ThreadPoolExecutor.java:1142)
	at java.util.concurrent.ThreadPoolExecutor$Worker.run(ThreadPoolExecutor.java:617)
	at java.lang.Thread.run(Thread.java:748)
Caused by: java.io.FileNotFoundException: E:\ideaworkspace\supply-chain-finance\fkh-scf\fkh-mservice-scf\fkh-scf-service\target\classes\D:\document\工作计划安排\20200205-金融监管平台\安心签\anxinsign\test\anxinsign.jks (文件名、目录名或卷标语法不正确。)
	at java.io.FileInputStream.open0(Native Method)
	at java.io.FileInputStream.open(FileInputStream.java:195)
	at java.io.FileInputStream.<init>(FileInputStream.java:138)
	at java.io.FileInputStream.<init>(FileInputStream.java:93)
	at cfca.sadk.entity.JKSEntity.initJKSKeyStore(JKSEntity.java:64)
	... 47 common frames omitted
2020-04-20 18:30:38.624 [DubboServerHandler-192.168.8.128:21881-thread-23] ERROR exceptionLogger -getPrivateKeyFromJKS<<<<<<Failure
cfca.sadk.algorithm.common.PKIException: 错误码：851001  错误信息：load JKS failure(E:\ideaworkspace\supply-chain-finance\fkh-scf\fkh-mservice-scf\fkh-scf-service\target\classes\D:\document\工作计划安排\20200205-金融监管平台\安心签\anxinsign\test\anxinsign.jks (文件名、目录名或卷标语法不正确。))
	at cfca.sadk.entity.JKSEntity.initJKSKeyStore(JKSEntity.java:70)
	at cfca.sadk.entity.JKSEntity.<init>(JKSEntity.java:30)
	at cfca.sadk.util.KeyUtil.getPrivateKeyFromJKS(KeyUtil.java:431)
	at com.fkhwl.scf.third.utils.SecurityUtil.p7SignMessageDetach(SecurityUtil.java:84)
	at com.fkhwl.scf.third.service.impl.AnxinSignServiceImpl.addCompanyAccount(AnxinSignServiceImpl.java:139)
	at com.fkhwl.scf.service.impl.CompanyServiceImpl.saveOrUpdate(CompanyServiceImpl.java:107)
	at com.fkhwl.scf.service.impl.CompanyServiceImpl$$FastClassBySpringCGLIB$$4251a592.invoke(<generated>)
	at org.springframework.cglib.proxy.MethodProxy.invoke(MethodProxy.java:218)
	at org.springframework.aop.framework.CglibAopProxy$CglibMethodInvocation.invokeJoinpoint(CglibAopProxy.java:769)
	at org.springframework.aop.framework.ReflectiveMethodInvocation.proceed(ReflectiveMethodInvocation.java:163)
	at org.springframework.aop.framework.CglibAopProxy$CglibMethodInvocation.proceed(CglibAopProxy.java:747)
	at org.springframework.transaction.interceptor.TransactionAspectSupport.invokeWithinTransaction(TransactionAspectSupport.java:366)
	at org.springframework.transaction.interceptor.TransactionInterceptor.invoke(TransactionInterceptor.java:99)
	at org.springframework.aop.framework.ReflectiveMethodInvocation.proceed(ReflectiveMethodInvocation.java:186)
	at org.springframework.aop.framework.CglibAopProxy$CglibMethodInvocation.proceed(CglibAopProxy.java:747)
	at org.springframework.aop.framework.CglibAopProxy$DynamicAdvisedInterceptor.intercept(CglibAopProxy.java:689)
	at com.fkhwl.scf.service.impl.CompanyServiceImpl$$EnhancerBySpringCGLIB$$4feaa656.saveOrUpdate(<generated>)
	at com.fkhwl.scf.provider.CompanyProviderImpl.saveOrUpdate(CompanyProviderImpl.java:47)
	at org.apache.dubbo.common.bytecode.Wrapper11.invokeMethod(Wrapper11.java)
	at org.apache.dubbo.rpc.proxy.javassist.JavassistProxyFactory$1.doInvoke(JavassistProxyFactory.java:47)
	at org.apache.dubbo.rpc.proxy.AbstractProxyInvoker.invoke(AbstractProxyInvoker.java:84)
	at org.apache.dubbo.config.invoker.DelegateProviderMetaDataInvoker.invoke(DelegateProviderMetaDataInvoker.java:56)
	at org.apache.dubbo.rpc.protocol.InvokerWrapper.invoke(InvokerWrapper.java:56)
	at org.apache.dubbo.rpc.filter.ExceptionFilter.invoke(ExceptionFilter.java:55)
	at org.apache.dubbo.rpc.protocol.ProtocolFilterWrapper$1.invoke(ProtocolFilterWrapper.java:82)
	at org.apache.dubbo.monitor.support.MonitorFilter.invoke(MonitorFilter.java:92)
	at org.apache.dubbo.rpc.protocol.ProtocolFilterWrapper$1.invoke(ProtocolFilterWrapper.java:82)
	at org.apache.dubbo.rpc.filter.TimeoutFilter.invoke(TimeoutFilter.java:48)
	at org.apache.dubbo.rpc.protocol.ProtocolFilterWrapper$1.invoke(ProtocolFilterWrapper.java:82)
	at org.apache.dubbo.rpc.protocol.dubbo.filter.TraceFilter.invoke(TraceFilter.java:81)
	at org.apache.dubbo.rpc.protocol.ProtocolFilterWrapper$1.invoke(ProtocolFilterWrapper.java:82)
	at org.apache.dubbo.rpc.filter.ContextFilter.invoke(ContextFilter.java:105)
	at org.apache.dubbo.rpc.protocol.ProtocolFilterWrapper$1.invoke(ProtocolFilterWrapper.java:82)
	at org.apache.dubbo.rpc.filter.GenericFilter.invoke(GenericFilter.java:149)
	at org.apache.dubbo.rpc.protocol.ProtocolFilterWrapper$1.invoke(ProtocolFilterWrapper.java:82)
	at org.apache.dubbo.rpc.filter.ClassLoaderFilter.invoke(ClassLoaderFilter.java:38)
	at org.apache.dubbo.rpc.protocol.ProtocolFilterWrapper$1.invoke(ProtocolFilterWrapper.java:82)
	at org.apache.dubbo.rpc.filter.EchoFilter.invoke(EchoFilter.java:41)
	at org.apache.dubbo.rpc.protocol.ProtocolFilterWrapper$1.invoke(ProtocolFilterWrapper.java:82)
	at org.apache.dubbo.rpc.protocol.ProtocolFilterWrapper$CallbackRegistrationInvoker.invoke(ProtocolFilterWrapper.java:157)
	at org.apache.dubbo.rpc.protocol.dubbo.DubboProtocol$1.reply(DubboProtocol.java:152)
	at org.apache.dubbo.remoting.exchange.support.header.HeaderExchangeHandler.handleRequest(HeaderExchangeHandler.java:102)
	at org.apache.dubbo.remoting.exchange.support.header.HeaderExchangeHandler.received(HeaderExchangeHandler.java:193)
	at org.apache.dubbo.remoting.transport.DecodeHandler.received(DecodeHandler.java:51)
	at org.apache.dubbo.remoting.transport.dispatcher.ChannelEventRunnable.run(ChannelEventRunnable.java:57)
	at java.util.concurrent.ThreadPoolExecutor.runWorker(ThreadPoolExecutor.java:1142)
	at java.util.concurrent.ThreadPoolExecutor$Worker.run(ThreadPoolExecutor.java:617)
	at java.lang.Thread.run(Thread.java:748)
Caused by: java.io.FileNotFoundException: E:\ideaworkspace\supply-chain-finance\fkh-scf\fkh-mservice-scf\fkh-scf-service\target\classes\D:\document\工作计划安排\20200205-金融监管平台\安心签\anxinsign\test\anxinsign.jks (文件名、目录名或卷标语法不正确。)
	at java.io.FileInputStream.open0(Native Method)
	at java.io.FileInputStream.open(FileInputStream.java:195)
	at java.io.FileInputStream.<init>(FileInputStream.java:138)
	at java.io.FileInputStream.<init>(FileInputStream.java:93)
	at cfca.sadk.entity.JKSEntity.initJKSKeyStore(JKSEntity.java:64)
	... 47 common frames omitted
